c:\users\richard\documents\visual studio 2015\projects\vex\vex\debug\vex.pch
c:\users\richard\documents\visual studio 2015\projects\vex\vex\debug\vc140.pdb
c:\users\richard\documents\visual studio 2015\projects\vex\vex\debug\vc140.idb
c:\users\richard\documents\visual studio 2015\projects\vex\vex\debug\stdafx.obj
c:\users\richard\documents\visual studio 2015\projects\vex\vex\debug\vex.obj
c:\users\richard\documents\visual studio 2015\projects\vex\vex\debug\vex_win32platform.obj
c:\users\richard\documents\visual studio 2015\projects\vex\vex\debug\vex.res
c:\users\richard\documents\visual studio 2015\projects\vex\debug\vex.pdb
c:\users\richard\documents\visual studio 2015\projects\vex\vex\debug\vex.tlog\cl.command.1.tlog
c:\users\richard\documents\visual studio 2015\projects\vex\vex\debug\vex.tlog\cl.read.1.tlog
c:\users\richard\documents\visual studio 2015\projects\vex\vex\debug\vex.tlog\cl.write.1.tlog
c:\users\richard\documents\visual studio 2015\projects\vex\vex\debug\vex.tlog\link-cvtres.read.1.tlog
c:\users\richard\documents\visual studio 2015\projects\vex\vex\debug\vex.tlog\link-cvtres.write.1.tlog
c:\users\richard\documents\visual studio 2015\projects\vex\vex\debug\vex.tlog\link-rc.read.1.tlog
c:\users\richard\documents\visual studio 2015\projects\vex\vex\debug\vex.tlog\link-rc.write.1.tlog
c:\users\richard\documents\visual studio 2015\projects\vex\vex\debug\vex.tlog\link.command.1.tlog
c:\users\richard\documents\visual studio 2015\projects\vex\vex\debug\vex.tlog\link.read.1.tlog
c:\users\richard\documents\visual studio 2015\projects\vex\vex\debug\vex.tlog\link.write.1.tlog
c:\users\richard\documents\visual studio 2015\projects\vex\vex\debug\vex.tlog\rc.command.1.tlog
c:\users\richard\documents\visual studio 2015\projects\vex\vex\debug\vex.tlog\rc.read.1.tlog
c:\users\richard\documents\visual studio 2015\projects\vex\vex\debug\vex.tlog\rc.write.1.tlog
